<?xml version="1.0" encoding="UTF-8"?><!DOCTYPE suite SYSTEM "http://testng.org/testng-1.0.dtd" >
<suite name="Third suite" verbose="1" parallel="methods" thread-count="2"  time-out="10000">
    <test name="TableLockTest">
        <classes>
            <class name="com.testcase.TestNGDemo_1_2_MixParallel" />
        </classes>
    </test>
</suite>